{"contracts/ERC20Token.sol":{"l":{"28":51,"29":50,"31":49,"33":49,"37":4,"38":3,"40":2,"42":2,"48":6,"53":2},"path":"/Users/abhi3700/F/coding/github_repos/evm_boilerplate/contracts/ERC20Token.sol","s":{"1":51,"2":50,"3":49,"4":49,"5":4,"6":3,"7":2,"8":2,"9":6,"10":2},"b":{"1":[50,1],"2":[3,1]},"f":{"1":48,"2":51,"3":4,"4":6,"5":2},"fnMap":{"1":{"name":"constructor","line":24,"loc":{"start":{"line":22,"column":4},"end":{"line":24,"column":23}}},"2":{"name":"mint","line":27,"loc":{"start":{"line":27,"column":4},"end":{"line":34,"column":4}}},"3":{"name":"burn","line":36,"loc":{"start":{"line":36,"column":4},"end":{"line":43,"column":4}}},"4":{"name":"pause","line":47,"loc":{"start":{"line":47,"column":4},"end":{"line":49,"column":4}}},"5":{"name":"unpause","line":52,"loc":{"start":{"line":52,"column":4},"end":{"line":54,"column":4}}}},"statementMap":{"1":{"start":{"line":28,"column":8},"end":{"line":28,"column":54}},"2":{"start":{"line":29,"column":8},"end":{"line":29,"column":31}},"3":{"start":{"line":31,"column":8},"end":{"line":31,"column":43}},"4":{"start":{"line":33,"column":8},"end":{"line":33,"column":19}},"5":{"start":{"line":37,"column":8},"end":{"line":37,"column":54}},"6":{"start":{"line":38,"column":8},"end":{"line":38,"column":31}},"7":{"start":{"line":40,"column":8},"end":{"line":40,"column":42}},"8":{"start":{"line":42,"column":8},"end":{"line":42,"column":19}},"9":{"start":{"line":48,"column":8},"end":{"line":48,"column":15}},"10":{"start":{"line":53,"column":8},"end":{"line":53,"column":17}}},"branchMap":{"1":{"line":28,"type":"if","locations":[{"start":{"line":28,"column":8},"end":{"line":28,"column":8}},{"start":{"line":28,"column":8},"end":{"line":28,"column":8}}]},"2":{"line":37,"type":"if","locations":[{"start":{"line":37,"column":8},"end":{"line":37,"column":8}},{"start":{"line":37,"column":8},"end":{"line":37,"column":8}}]}}}}